2025-03-01 16:19:19,813 - __main__ - INFO - Using device: cpu
2025-03-01 16:19:19,814 - __main__ - INFO - Loading pretrained ResNet model for feature extraction
2025-03-01 16:19:26,044 - __main__ - ERROR - Error loading or validating data from data/coffee_spending.csv: [Errno 2] No such file or directory: 'data/coffee_spending.csv'
2025-03-01 16:19:26,045 - __main__ - ERROR - Error in market sentiment analysis: [Errno 2] No such file or directory: 'data/coffee_spending.csv'
Traceback (most recent call last):
  File "C:\Users\s2729428\git\hacktheburgh25\market_sentiment_analyzer.py", line 455, in analyze_market_sentiment
    consumer_analyzer = ConsumerDataAnalyzer(coffee_data_path, haircut_data_path)
  File "C:\Users\s2729428\git\hacktheburgh25\market_sentiment_analyzer.py", line 306, in __init__
    self.coffee_data = self._load_and_validate_data(coffee_data_path, 'spending')
                       ~~~~~~~~~~~~~~~~~~~~~~~~~~~~^^^^^^^^^^^^^^^^^^^^^^^^^^^^^^
  File "C:\Users\s2729428\git\hacktheburgh25\market_sentiment_analyzer.py", line 313, in _load_and_validate_data
    df = pd.read_csv(data_path)
  File "C:\Users\s2729428\AppData\Local\Programs\Python\Python313\Lib\site-packages\pandas\io\parsers\readers.py", line 1026, in read_csv
    return _read(filepath_or_buffer, kwds)
  File "C:\Users\s2729428\AppData\Local\Programs\Python\Python313\Lib\site-packages\pandas\io\parsers\readers.py", line 620, in _read
    parser = TextFileReader(filepath_or_buffer, **kwds)
  File "C:\Users\s2729428\AppData\Local\Programs\Python\Python313\Lib\site-packages\pandas\io\parsers\readers.py", line 1620, in __init__
    self._engine = self._make_engine(f, self.engine)
                   ~~~~~~~~~~~~~~~~~^^^^^^^^^^^^^^^^
  File "C:\Users\s2729428\AppData\Local\Programs\Python\Python313\Lib\site-packages\pandas\io\parsers\readers.py", line 1880, in _make_engine
    self.handles = get_handle(
                   ~~~~~~~~~~^
        f,
        ^^
    ...<6 lines>...
        storage_options=self.options.get("storage_options", None),
        ^^^^^^^^^^^^^^^^^^^^^^^^^^^^^^^^^^^^^^^^^^^^^^^^^^^^^^^^^^
    )
    ^
  File "C:\Users\s2729428\AppData\Local\Programs\Python\Python313\Lib\site-packages\pandas\io\common.py", line 873, in get_handle
    handle = open(
        handle,
    ...<3 lines>...
        newline="",
    )
FileNotFoundError: [Errno 2] No such file or directory: 'data/coffee_spending.csv'
